<?xml version="1.0" encoding="UTF-8"?>
<!-- Generated by org.testng.reporters.JUnitReportReporter -->
<testsuite hostname="DESKTOP-LLLGMOJ" failures="0" tests="1" name="testscripts.TestLoginPage" time="7.968" errors="0" timestamp="2022-09-21T20:08:39 IST" skipped="0">
  <testcase classname="testscripts.TestLoginPage" name="testVtigerLogin" time="7.968"/>
  <system-out/>
</testsuite> <!-- testscripts.TestLoginPage -->
