<?xml version="1.0" encoding="UTF-8"?>
<!-- Generated by org.testng.reporters.JUnitReportReporter -->
<testsuite hostname="DESKTOP-LLLGMOJ" failures="0" tests="1" name="jsexamples.Example1" time="7.125" errors="0" timestamp="2022-09-24T07:57:08 IST" skipped="0">
  <testcase classname="jsexamples.Example1" name="testCase2" time="7.125"/>
  <system-out/>
</testsuite> <!-- jsexamples.Example1 -->
