<?xml version="1.0" encoding="UTF-8"?>
<!-- Generated by org.testng.reporters.JUnitReportReporter -->
<testsuite skipped="0" hostname="DESKTOP-LLLGMOJ" name="testscripts.Testcase" tests="1" failures="0" timestamp="2022-07-06T06:56:04 IST" time="103.411" errors="0">
  <testcase name="test" time="103.411" classname="testscripts.Testcase"/>
  <system-out/>
</testsuite> <!-- testscripts.Testcase -->
