<?xml version="1.0" encoding="UTF-8"?>
<!-- Generated by org.testng.reporters.JUnitReportReporter -->
<testsuite hostname="DESKTOP-LLLGMOJ" failures="0" tests="1" name="day13.testngexamples.Actitime_Timeout" time="0.183" errors="0" timestamp="20 Sep 2022 04:21:04 GMT" skipped="0">
  <testcase classname="day13.testngexamples.Actitime_Timeout" name="openBrowserAndAppURL" time="0.183"/>
</testsuite> <!-- day13.testngexamples.Actitime_Timeout -->
