<?xml version="1.0" encoding="UTF-8"?>
<!-- Generated by org.testng.reporters.JUnitReportReporter -->
<testsuite hostname="DESKTOP-LLLGMOJ" failures="0" tests="4" name="testngsamples.ParallelExecutionTest" time="29.640" errors="0" timestamp="26 Sep 2022 04:14:46 GMT" skipped="0">
  <testcase classname="testngsamples.ParallelExecutionTest" name="testLoginOfVtiger" time="6.529"/>
  <testcase classname="testngsamples.ParallelExecutionTest" name="testLoginOfVtiger" time="6.790"/>
  <testcase classname="testngsamples.ParallelExecutionTest" name="testLoginOfVtiger" time="7.333"/>
  <testcase classname="testngsamples.ParallelExecutionTest" name="testLoginOfVtiger" time="8.988"/>
</testsuite> <!-- testngsamples.ParallelExecutionTest -->
