<?xml version="1.0" encoding="UTF-8"?>
<!-- Generated by org.testng.reporters.JUnitReportReporter -->
<testsuite hostname="DESKTOP-LLLGMOJ" failures="0" tests="3" name="testngsamples.Sample3" time="0.017" errors="0" timestamp="19 Sep 2022 04:04:48 GMT" skipped="0">
  <testcase classname="testngsamples.Sample3" name="signUp" time="0.001"/>
  <testcase classname="testngsamples.Sample3" name="login" time="0.002"/>
  <testcase classname="testngsamples.Sample3" name="compose" time="0.014"/>
</testsuite> <!-- testngsamples.Sample3 -->
