<?xml version="1.0" encoding="UTF-8"?>
<!-- Generated by org.testng.reporters.JUnitReportReporter -->
<testsuite hostname="DESKTOP-LLLGMOJ" failures="0" tests="3" name="day13.testngexamples.Sample4" time="0.003" errors="0" timestamp="20 Sep 2022 04:21:04 GMT" skipped="0">
  <testcase classname="day13.testngexamples.Sample4" name="c_compose" time="0.002"/>
  <testcase classname="day13.testngexamples.Sample4" name="a_signUp" time="0.001"/>
  <testcase classname="day13.testngexamples.Sample4" name="b_login" time="0.000"/>
</testsuite> <!-- day13.testngexamples.Sample4 -->
