<?xml version="1.0" encoding="UTF-8"?>
<!-- Generated by org.testng.reporters.JUnitReportReporter -->
<testsuite hostname="DESKTOP-LLLGMOJ" failures="0" tests="2" name="day13.testngexamples.GoogleApplicationWithBeforeAfterMethod" time="14.940" errors="0" timestamp="20 Sep 2022 04:21:04 GMT" skipped="0">
  <testcase classname="day13.testngexamples.GoogleApplicationWithBeforeAfterMethod" name="testSearch" time="7.261"/>
  <testcase classname="day13.testngexamples.GoogleApplicationWithBeforeAfterMethod" name="testGoogleLandingPage" time="7.679"/>
</testsuite> <!-- day13.testngexamples.GoogleApplicationWithBeforeAfterMethod -->
