<?xml version="1.0" encoding="UTF-8"?>
<!-- Generated by org.testng.reporters.JUnitReportReporter -->
<testsuite hostname="DESKTOP-LLLGMOJ" failures="0" tests="4" name="testngsamples.Actitime_Enabled" time="0.014" errors="0" timestamp="19 Sep 2022 04:12:37 GMT" skipped="2">
  <testcase classname="testngsamples.Actitime_Enabled" name="createTask" time="0.012"/>
  <testcase classname="testngsamples.Actitime_Enabled" name="openBrowserAndAppURL" time="0.002"/>
  <testcase classname="testngsamples.Actitime_Enabled" name="logoutClose">
    <skipped/>
  </testcase> <!-- logoutClose -->
  <testcase classname="testngsamples.Actitime_Enabled" name="login">
    <skipped/>
  </testcase> <!-- login -->
</testsuite> <!-- testngsamples.Actitime_Enabled -->
