<?xml version="1.0" encoding="UTF-8"?>
<!-- Generated by org.testng.reporters.JUnitReportReporter -->
<testsuite hostname="DESKTOP-LLLGMOJ" failures="0" tests="2" name="testngsamples.TestParallelClassTwo" time="0.025" errors="0" timestamp="26 Sep 2022 04:23:35 GMT" skipped="0">
  <testcase classname="testngsamples.TestParallelClassTwo" name="testCaseFour" time="0.021"/>
  <testcase classname="testngsamples.TestParallelClassTwo" name="testCaseThree" time="0.004"/>
</testsuite> <!-- testngsamples.TestParallelClassTwo -->
