<?xml version="1.0" encoding="UTF-8"?>
<!-- Generated by org.testng.reporters.JUnitReportReporter -->
<testsuite hostname="DESKTOP-LLLGMOJ" failures="0" tests="2" name="testngsamples.GoogleApplicationWithBeforeAfterMethod" time="15.177" errors="0" timestamp="20 Sep 2022 03:59:23 GMT" skipped="0">
  <testcase classname="testngsamples.GoogleApplicationWithBeforeAfterMethod" name="testSearch" time="10.015"/>
  <testcase classname="testngsamples.GoogleApplicationWithBeforeAfterMethod" name="testGoogleLandingPage" time="5.162"/>
</testsuite> <!-- testngsamples.GoogleApplicationWithBeforeAfterMethod -->
