<?xml version="1.0" encoding="UTF-8"?>
<!-- Generated by org.testng.reporters.JUnitReportReporter -->
<testsuite hostname="DESKTOP-LLLGMOJ" failures="0" tests="6" name="testngsamples.Actitime_InvocationCount" time="0.049" errors="0" timestamp="19 Sep 2022 04:14:28 GMT" skipped="0">
  <testcase classname="testngsamples.Actitime_InvocationCount" name="openBrowserAndAppURL" time="0.002"/>
  <testcase classname="testngsamples.Actitime_InvocationCount" name="openBrowserAndAppURL" time="0.007"/>
  <testcase classname="testngsamples.Actitime_InvocationCount" name="createTask" time="0.023"/>
  <testcase classname="testngsamples.Actitime_InvocationCount" name="openBrowserAndAppURL" time="0.006"/>
  <testcase classname="testngsamples.Actitime_InvocationCount" name="openBrowserAndAppURL" time="0.004"/>
  <testcase classname="testngsamples.Actitime_InvocationCount" name="openBrowserAndAppURL" time="0.007"/>
</testsuite> <!-- testngsamples.Actitime_InvocationCount -->
