<?xml version="1.0" encoding="UTF-8"?>
<!-- Generated by org.testng.reporters.JUnitReportReporter -->
<testsuite hostname="DESKTOP-LLLGMOJ" failures="0" tests="3" name="day13.testngexamples.Sample3" time="0.006" errors="0" timestamp="20 Sep 2022 04:21:04 GMT" skipped="0">
  <testcase classname="day13.testngexamples.Sample3" name="signUp" time="0.001"/>
  <testcase classname="day13.testngexamples.Sample3" name="login" time="0.004"/>
  <testcase classname="day13.testngexamples.Sample3" name="compose" time="0.001"/>
</testsuite> <!-- day13.testngexamples.Sample3 -->
