<?xml version="1.0" encoding="UTF-8"?>
<!-- Generated by org.testng.reporters.JUnitReportReporter -->
<testsuite hostname="DESKTOP-LLLGMOJ" failures="0" tests="1" name="day13.testngexamples.Example2" time="0.013" errors="0" timestamp="19 Sep 2022 03:54:32 GMT" skipped="0">
  <testcase classname="day13.testngexamples.Example2" name="testCase2" time="0.013"/>
</testsuite> <!-- day13.testngexamples.Example2 -->
