<?xml version="1.0" encoding="UTF-8"?>
<!-- Generated by org.testng.reporters.JUnitReportReporter -->
<testsuite hostname="DESKTOP-LLLGMOJ" failures="0" tests="4" name="day13.testngexamples.Actitime_Enabled" time="0.003" errors="0" timestamp="20 Sep 2022 04:21:04 GMT" skipped="2">
  <testcase classname="day13.testngexamples.Actitime_Enabled" name="openBrowserAndAppURL" time="0.001"/>
  <testcase classname="day13.testngexamples.Actitime_Enabled" name="createTask" time="0.002"/>
  <testcase classname="day13.testngexamples.Actitime_Enabled" name="logoutClose">
    <skipped/>
  </testcase> <!-- logoutClose -->
  <testcase classname="day13.testngexamples.Actitime_Enabled" name="login">
    <skipped/>
  </testcase> <!-- login -->
</testsuite> <!-- day13.testngexamples.Actitime_Enabled -->
