<?xml version="1.0" encoding="UTF-8"?>
<!-- Generated by org.testng.reporters.JUnitReportReporter -->
<testsuite hostname="DESKTOP-LLLGMOJ" failures="0" tests="1" name="datadriventesting.ActitimeLogin" time="25.067" errors="0" timestamp="23 Sep 2022 03:59:28 GMT" skipped="0">
  <testcase classname="datadriventesting.ActitimeLogin" name="actitimeLogin" time="25.067"/>
</testsuite> <!-- datadriventesting.ActitimeLogin -->
