<?xml version="1.0" encoding="UTF-8"?>
<!-- Generated by org.testng.reporters.JUnitReportReporter -->
<testsuite hostname="DESKTOP-LLLGMOJ" failures="0" tests="1" name="day13.testngexamples.Example1" time="0.014" errors="0" timestamp="19 Sep 2022 04:02:20 GMT" skipped="0">
  <testcase classname="day13.testngexamples.Example1" name="testCase2" time="0.014"/>
</testsuite> <!-- day13.testngexamples.Example1 -->
