<?xml version="1.0" encoding="UTF-8"?>
<!-- Generated by org.testng.reporters.JUnitReportReporter -->
<testsuite hostname="DESKTOP-LLLGMOJ" failures="0" tests="1" name="testngsamples.FirstTestNgWebScript" time="4.214" errors="0" timestamp="20 Sep 2022 03:48:38 GMT" skipped="0">
  <testcase classname="testngsamples.FirstTestNgWebScript" name="testCase1" time="4.214"/>
</testsuite> <!-- testngsamples.FirstTestNgWebScript -->
