<?xml version="1.0" encoding="UTF-8"?>
<!-- Generated by org.testng.reporters.JUnitReportReporter -->
<testsuite hostname="DESKTOP-LLLGMOJ" failures="0" tests="3" name="testngsamples.DataProviderExample" time="15.468" errors="0" timestamp="26 Sep 2022 03:58:48 GMT" skipped="0">
  <testcase classname="testngsamples.DataProviderExample" name="testLoginOfVtiger" time="3.770"/>
  <testcase classname="testngsamples.DataProviderExample" name="testLoginOfVtiger" time="4.826"/>
  <testcase classname="testngsamples.DataProviderExample" name="testLoginOfVtiger" time="6.872"/>
</testsuite> <!-- testngsamples.DataProviderExample -->
