<?xml version="1.0" encoding="UTF-8"?>
<!-- Generated by org.testng.reporters.JUnitReportReporter -->
<testsuite hostname="DESKTOP-LLLGMOJ" failures="0" tests="6" name="day13.testngexamples.Actitime_InvocationCount" time="0.007" errors="0" timestamp="20 Sep 2022 04:21:04 GMT" skipped="0">
  <testcase classname="day13.testngexamples.Actitime_InvocationCount" name="openBrowserAndAppURL" time="0.002"/>
  <testcase classname="day13.testngexamples.Actitime_InvocationCount" name="createTask" time="0.001"/>
  <testcase classname="day13.testngexamples.Actitime_InvocationCount" name="openBrowserAndAppURL" time="0.001"/>
  <testcase classname="day13.testngexamples.Actitime_InvocationCount" name="openBrowserAndAppURL" time="0.001"/>
  <testcase classname="day13.testngexamples.Actitime_InvocationCount" name="openBrowserAndAppURL" time="0.001"/>
  <testcase classname="day13.testngexamples.Actitime_InvocationCount" name="openBrowserAndAppURL" time="0.001"/>
</testsuite> <!-- day13.testngexamples.Actitime_InvocationCount -->
