<?xml version="1.0" encoding="UTF-8"?>
<!-- Generated by org.testng.reporters.JUnitReportReporter -->
<testsuite hostname="DESKTOP-LLLGMOJ" failures="0" tests="2" name="day13.testngexamples.Actitime_ExceptionAndTimeout" time="0.558" errors="0" timestamp="20 Sep 2022 04:21:04 GMT" skipped="0">
  <testcase classname="day13.testngexamples.Actitime_ExceptionAndTimeout" name="dividedByZeroExample1" time="0.027"/>
  <testcase classname="day13.testngexamples.Actitime_ExceptionAndTimeout" name="executetimeOut" time="0.531"/>
</testsuite> <!-- day13.testngexamples.Actitime_ExceptionAndTimeout -->
