<?xml version="1.0" encoding="UTF-8"?>
<!-- Generated by org.testng.reporters.JUnitReportReporter -->
<testsuite hostname="DESKTOP-LLLGMOJ" failures="0" tests="2" name="testngsamples.GoogleApplicationWithBeforeAfterTest" time="4.174" errors="0" timestamp="20 Sep 2022 03:57:40 GMT" skipped="0">
  <testcase classname="testngsamples.GoogleApplicationWithBeforeAfterTest" name="testGoogleLandingPage" time="0.017"/>
  <testcase classname="testngsamples.GoogleApplicationWithBeforeAfterTest" name="testSearch" time="4.157"/>
</testsuite> <!-- testngsamples.GoogleApplicationWithBeforeAfterTest -->
