<?xml version="1.0" encoding="UTF-8"?>
<!-- Generated by org.testng.reporters.JUnitReportReporter -->
<testsuite hostname="DESKTOP-LLLGMOJ" failures="0" tests="1" name="testngsamples.Sample1" time="0.011" errors="0" timestamp="19 Sep 2022 04:03:59 GMT" skipped="0">
  <testcase classname="testngsamples.Sample1" name="testCase1" time="0.011"/>
</testsuite> <!-- testngsamples.Sample1 -->
