<?xml version="1.0" encoding="UTF-8"?>
<!-- Generated by org.testng.reporters.JUnitReportReporter -->
<testsuite hostname="DESKTOP-LLLGMOJ" failures="0" tests="4" name="testngsamples.Actitime_Priority" time="0.027" errors="0" timestamp="19 Sep 2022 04:10:39 GMT" skipped="0">
  <testcase classname="testngsamples.Actitime_Priority" name="openBrowserAndAppURL" time="0.018"/>
  <testcase classname="testngsamples.Actitime_Priority" name="login" time="0.002"/>
  <testcase classname="testngsamples.Actitime_Priority" name="createTask" time="0.004"/>
  <testcase classname="testngsamples.Actitime_Priority" name="logoutClose" time="0.003"/>
</testsuite> <!-- testngsamples.Actitime_Priority -->
