<?xml version="1.0" encoding="UTF-8"?>
<!-- Generated by org.testng.reporters.JUnitReportReporter -->
<testsuite hostname="DESKTOP-LLLGMOJ" failures="0" tests="2" name="testngsamples.IncludeAndExcludeTestMethods" time="0.013" errors="0" timestamp="26 Sep 2022 04:09:38 GMT" skipped="0">
  <testcase classname="testngsamples.IncludeAndExcludeTestMethods" name="addDepartmentTestCase" time="0.002"/>
  <testcase classname="testngsamples.IncludeAndExcludeTestMethods" name="addLocationTestCase" time="0.011"/>
</testsuite> <!-- testngsamples.IncludeAndExcludeTestMethods -->
