<?xml version="1.0" encoding="UTF-8"?>
<!-- Generated by org.testng.reporters.JUnitReportReporter -->
<testsuite hostname="DESKTOP-LLLGMOJ" failures="0" tests="1" name="jsexamples.Example3" time="13.376" errors="0" timestamp="2022-09-24T08:04:56 IST" skipped="0">
  <testcase classname="jsexamples.Example3" name="testCase1" time="13.376"/>
  <system-out/>
</testsuite> <!-- jsexamples.Example3 -->
