<?xml version="1.0" encoding="UTF-8"?>
<!-- Generated by org.testng.reporters.JUnitReportReporter -->
<testsuite hostname="DESKTOP-LLLGMOJ" failures="0" tests="7" name="runner.TestRunner" time="74.945" errors="0" timestamp="2022-10-08T08:17:40 IST" skipped="0">
  <testcase classname="runner.TestRunner" name="runScenario" time="9.722"/>
  <system-out/>
  <testcase classname="runner.TestRunner" name="runScenario" time="14.162"/>
  <system-out/>
  <testcase classname="runner.TestRunner" name="runScenario" time="8.270"/>
  <system-out/>
  <testcase classname="runner.TestRunner" name="runScenario" time="4.797"/>
  <system-out/>
  <testcase classname="runner.TestRunner" name="runScenario" time="11.016"/>
  <system-out/>
  <testcase classname="runner.TestRunner" name="runScenario" time="9.347"/>
  <system-out/>
  <testcase classname="runner.TestRunner" name="runScenario" time="17.631"/>
  <system-out/>
</testsuite> <!-- runner.TestRunner -->
