<?xml version="1.0" encoding="UTF-8"?>
<!-- Generated by org.testng.reporters.JUnitReportReporter -->
<testsuite hostname="DESKTOP-LLLGMOJ" failures="0" tests="2" name="testscripts.TestLeadsPage" time="7.788" errors="0" timestamp="2022-10-06T10:02:27 IST" skipped="0">
  <testcase classname="testscripts.TestLeadsPage" name="testLeadCreation" time="6.774"/>
  <system-out/>
  <testcase classname="testscripts.TestLeadsPage" name="testLeadDeletion" time="1.014"/>
  <system-out/>
</testsuite> <!-- testscripts.TestLeadsPage -->
