<?xml version="1.0" encoding="UTF-8"?>
<!-- Generated by org.testng.reporters.JUnitReportReporter -->
<testsuite hostname="DESKTOP-LLLGMOJ" failures="0" tests="2" name="testscripts.TestLeadsPage" time="6.643" errors="0" timestamp="2022-09-20T20:13:43 IST" skipped="0">
  <testcase classname="testscripts.TestLeadsPage" name="testLeadDeletion" time="1.028"/>
  <system-out/>
  <testcase classname="testscripts.TestLeadsPage" name="testLeadCreation" time="5.615"/>
  <system-out/>
</testsuite> <!-- testscripts.TestLeadsPage -->
