<?xml version="1.0" encoding="UTF-8"?>
<!-- Generated by org.testng.reporters.JUnitReportReporter -->
<testsuite hostname="DESKTOP-LLLGMOJ" failures="0" tests="1" name="jsexamples.Example3" time="26.198" errors="0" timestamp="2022-10-04T09:35:46 IST" skipped="0">
  <testcase classname="jsexamples.Example3" name="testCase1" time="26.198"/>
  <system-out/>
</testsuite> <!-- jsexamples.Example3 -->
