<?xml version="1.0" encoding="UTF-8"?>
<!-- Generated by org.testng.reporters.JUnitReportReporter -->
<testsuite hostname="DESKTOP-LLLGMOJ" failures="0" tests="1" name="jsexamples.Example2" time="24.962" errors="0" timestamp="2022-10-04T09:31:48 IST" skipped="0">
  <testcase classname="jsexamples.Example2" name="testCase1" time="24.962"/>
  <system-out/>
</testsuite> <!-- jsexamples.Example2 -->
