<?xml version="1.0" encoding="UTF-8"?>
<!-- Generated by org.testng.reporters.JUnitReportReporter -->
<testsuite hostname="DESKTOP-LLLGMOJ" failures="0" tests="1" name="jsexamples.Example1" time="15.147" errors="0" timestamp="2022-10-04T09:27:47 IST" skipped="0">
  <testcase classname="jsexamples.Example1" name="testCase1" time="15.147"/>
  <system-out/>
</testsuite> <!-- jsexamples.Example1 -->
