<?xml version="1.0" encoding="UTF-8"?>
<!-- Generated by org.testng.reporters.JUnitReportReporter -->
<testsuite hostname="DESKTOP-LLLGMOJ" failures="0" tests="1" name="brokenlinks.BrokenLinkExample2" time="35.694" errors="0" timestamp="2022-10-04T09:19:27 IST" skipped="0">
  <testcase classname="brokenlinks.BrokenLinkExample2" name="testLinks" time="35.694"/>
  <system-out/>
</testsuite> <!-- brokenlinks.BrokenLinkExample2 -->
